2014/12/03 23:43:20 [warning] [application] Failed to set unsafe attribute "id" of "Language".
in /var/www/html/motolao/protected/components/dataProviders/DTActiveRecord.php (47)
in /var/www/html/motolao/protected/models/Language.php (140)
in /var/www/html/motolao/protected/models/Language.php (163)
2014/12/03 23:43:20 [warning] [application] Failed to set unsafe attribute "flag_img" of "Language".
in /var/www/html/motolao/protected/components/dataProviders/DTActiveRecord.php (47)
in /var/www/html/motolao/protected/models/Language.php (140)
in /var/www/html/motolao/protected/models/Language.php (163)
2014/12/03 23:43:20 [warning] [application] Failed to set unsafe attribute "id" of "Category".
in /var/www/html/motolao/protected/components/dataProviders/DTActiveRecord.php (47)
in /var/www/html/motolao/themes/frontend/views/layouts/_menu.php (22)
in /var/www/html/motolao/themes/frontend/views/layouts/main.php (82)
2014/12/03 23:43:20 [warning] [application] Failed to set unsafe attribute "id" of "Category".
in /var/www/html/motolao/protected/components/dataProviders/DTActiveRecord.php (47)
in /var/www/html/motolao/themes/frontend/views/layouts/_menu.php (22)
in /var/www/html/motolao/themes/frontend/views/layouts/main.php (82)
2014/12/03 23:43:20 [warning] [application] Failed to set unsafe attribute "id" of "Language".
in /var/www/html/motolao/protected/components/dataProviders/DTActiveRecord.php (47)
in /var/www/html/motolao/protected/models/Language.php (140)
in /var/www/html/motolao/themes/frontend/views/layouts/_menu.php (57)
2014/12/03 23:43:20 [warning] [application] Failed to set unsafe attribute "flag_img" of "Language".
in /var/www/html/motolao/protected/components/dataProviders/DTActiveRecord.php (47)
in /var/www/html/motolao/protected/models/Language.php (140)
in /var/www/html/motolao/themes/frontend/views/layouts/_menu.php (57)
2014/12/03 23:43:20 [warning] [application] Failed to set unsafe attribute "id" of "Language".
in /var/www/html/motolao/protected/components/dataProviders/DTActiveRecord.php (47)
in /var/www/html/motolao/protected/models/Language.php (140)
in /var/www/html/motolao/themes/frontend/views/layouts/_menu.php (57)
2014/12/03 23:43:20 [warning] [application] Failed to set unsafe attribute "flag_img" of "Language".
in /var/www/html/motolao/protected/components/dataProviders/DTActiveRecord.php (47)
in /var/www/html/motolao/protected/models/Language.php (140)
in /var/www/html/motolao/themes/frontend/views/layouts/_menu.php (57)
2014/12/03 23:43:20 [warning] [application] Failed to set unsafe attribute "id" of "Language".
in /var/www/html/motolao/protected/components/dataProviders/DTActiveRecord.php (47)
in /var/www/html/motolao/protected/models/Language.php (140)
in /var/www/html/motolao/themes/frontend/views/layouts/_menu.php (57)
2014/12/03 23:43:20 [warning] [application] Failed to set unsafe attribute "flag_img" of "Language".
in /var/www/html/motolao/protected/components/dataProviders/DTActiveRecord.php (47)
in /var/www/html/motolao/protected/models/Language.php (140)
in /var/www/html/motolao/themes/frontend/views/layouts/_menu.php (57)
2014/12/03 23:43:20 [warning] [application] Failed to set unsafe attribute "id" of "SocialMediaLink".
in /var/www/html/motolao/protected/components/dataProviders/DTActiveRecord.php (47)
in /var/www/html/motolao/themes/frontend/views/layouts/main.php (161)
in /var/www/html/motolao/themes/frontend/views/layouts/column2.php (5)
2014/12/03 23:43:20 [warning] [application] Failed to set unsafe attribute "image" of "SocialMediaLink".
in /var/www/html/motolao/protected/components/dataProviders/DTActiveRecord.php (47)
in /var/www/html/motolao/themes/frontend/views/layouts/main.php (161)
in /var/www/html/motolao/themes/frontend/views/layouts/column2.php (5)
2014/12/03 23:43:20 [warning] [application] Failed to set unsafe attribute "id" of "SocialMediaLink".
in /var/www/html/motolao/protected/components/dataProviders/DTActiveRecord.php (47)
in /var/www/html/motolao/themes/frontend/views/layouts/main.php (161)
in /var/www/html/motolao/themes/frontend/views/layouts/column2.php (5)
2014/12/03 23:43:20 [warning] [application] Failed to set unsafe attribute "image" of "SocialMediaLink".
in /var/www/html/motolao/protected/components/dataProviders/DTActiveRecord.php (47)
in /var/www/html/motolao/themes/frontend/views/layouts/main.php (161)
in /var/www/html/motolao/themes/frontend/views/layouts/column2.php (5)
2014/12/03 23:43:20 [warning] [application] Failed to set unsafe attribute "id" of "SocialMediaLink".
in /var/www/html/motolao/protected/components/dataProviders/DTActiveRecord.php (47)
in /var/www/html/motolao/themes/frontend/views/layouts/main.php (161)
in /var/www/html/motolao/themes/frontend/views/layouts/column2.php (5)
2014/12/03 23:43:20 [warning] [application] Failed to set unsafe attribute "image" of "SocialMediaLink".
in /var/www/html/motolao/protected/components/dataProviders/DTActiveRecord.php (47)
in /var/www/html/motolao/themes/frontend/views/layouts/main.php (161)
in /var/www/html/motolao/themes/frontend/views/layouts/column2.php (5)
2014/12/03 23:43:20 [warning] [application] Failed to set unsafe attribute "id" of "SocialMediaLink".
in /var/www/html/motolao/protected/components/dataProviders/DTActiveRecord.php (47)
in /var/www/html/motolao/themes/frontend/views/layouts/main.php (161)
in /var/www/html/motolao/themes/frontend/views/layouts/column2.php (5)
2014/12/03 23:43:20 [warning] [application] Failed to set unsafe attribute "image" of "SocialMediaLink".
in /var/www/html/motolao/protected/components/dataProviders/DTActiveRecord.php (47)
in /var/www/html/motolao/themes/frontend/views/layouts/main.php (161)
in /var/www/html/motolao/themes/frontend/views/layouts/column2.php (5)
2014/12/03 23:43:20 [warning] [application] Failed to set unsafe attribute "id" of "SocialMediaLink".
in /var/www/html/motolao/protected/components/dataProviders/DTActiveRecord.php (47)
in /var/www/html/motolao/themes/frontend/views/layouts/main.php (161)
in /var/www/html/motolao/themes/frontend/views/layouts/column2.php (5)
2014/12/03 23:43:20 [warning] [application] Failed to set unsafe attribute "image" of "SocialMediaLink".
in /var/www/html/motolao/protected/components/dataProviders/DTActiveRecord.php (47)
in /var/www/html/motolao/themes/frontend/views/layouts/main.php (161)
in /var/www/html/motolao/themes/frontend/views/layouts/column2.php (5)
2014/12/03 23:43:20 [warning] [application] Failed to set unsafe attribute "id" of "SocialMediaLink".
in /var/www/html/motolao/protected/components/dataProviders/DTActiveRecord.php (47)
in /var/www/html/motolao/themes/frontend/views/layouts/main.php (161)
in /var/www/html/motolao/themes/frontend/views/layouts/column2.php (5)
2014/12/03 23:43:20 [warning] [application] Failed to set unsafe attribute "image" of "SocialMediaLink".
in /var/www/html/motolao/protected/components/dataProviders/DTActiveRecord.php (47)
in /var/www/html/motolao/themes/frontend/views/layouts/main.php (161)
in /var/www/html/motolao/themes/frontend/views/layouts/column2.php (5)
2014/12/03 23:43:20 [warning] [application] Failed to set unsafe attribute "id" of "SocialMediaLink".
in /var/www/html/motolao/protected/components/dataProviders/DTActiveRecord.php (47)
in /var/www/html/motolao/themes/frontend/views/layouts/main.php (161)
in /var/www/html/motolao/themes/frontend/views/layouts/column2.php (5)
2014/12/03 23:43:20 [warning] [application] Failed to set unsafe attribute "image" of "SocialMediaLink".
in /var/www/html/motolao/protected/components/dataProviders/DTActiveRecord.php (47)
in /var/www/html/motolao/themes/frontend/views/layouts/main.php (161)
in /var/www/html/motolao/themes/frontend/views/layouts/column2.php (5)
2014/12/03 23:45:25 [warning] [application] Failed to set unsafe attribute "id" of "Language".
in /var/www/html/motolao/protected/components/dataProviders/DTActiveRecord.php (47)
in /var/www/html/motolao/protected/models/Language.php (140)
in /var/www/html/motolao/protected/models/Language.php (163)
2014/12/03 23:45:25 [warning] [application] Failed to set unsafe attribute "flag_img" of "Language".
in /var/www/html/motolao/protected/components/dataProviders/DTActiveRecord.php (47)
in /var/www/html/motolao/protected/models/Language.php (140)
in /var/www/html/motolao/protected/models/Language.php (163)
2014/12/03 23:45:25 [warning] [application] Failed to set unsafe attribute "id" of "Category".
in /var/www/html/motolao/protected/components/dataProviders/DTActiveRecord.php (47)
in /var/www/html/motolao/themes/frontend/views/layouts/_menu.php (22)
in /var/www/html/motolao/themes/frontend/views/layouts/main.php (82)
2014/12/03 23:45:25 [warning] [application] Failed to set unsafe attribute "id" of "Category".
in /var/www/html/motolao/protected/components/dataProviders/DTActiveRecord.php (47)
in /var/www/html/motolao/themes/frontend/views/layouts/_menu.php (22)
in /var/www/html/motolao/themes/frontend/views/layouts/main.php (82)
2014/12/03 23:45:25 [warning] [application] Failed to set unsafe attribute "id" of "Language".
in /var/www/html/motolao/protected/components/dataProviders/DTActiveRecord.php (47)
in /var/www/html/motolao/protected/models/Language.php (140)
in /var/www/html/motolao/themes/frontend/views/layouts/_menu.php (57)
2014/12/03 23:45:25 [warning] [application] Failed to set unsafe attribute "flag_img" of "Language".
in /var/www/html/motolao/protected/components/dataProviders/DTActiveRecord.php (47)
in /var/www/html/motolao/protected/models/Language.php (140)
in /var/www/html/motolao/themes/frontend/views/layouts/_menu.php (57)
2014/12/03 23:45:25 [warning] [application] Failed to set unsafe attribute "id" of "Language".
in /var/www/html/motolao/protected/components/dataProviders/DTActiveRecord.php (47)
in /var/www/html/motolao/protected/models/Language.php (140)
in /var/www/html/motolao/themes/frontend/views/layouts/_menu.php (57)
2014/12/03 23:45:25 [warning] [application] Failed to set unsafe attribute "flag_img" of "Language".
in /var/www/html/motolao/protected/components/dataProviders/DTActiveRecord.php (47)
in /var/www/html/motolao/protected/models/Language.php (140)
in /var/www/html/motolao/themes/frontend/views/layouts/_menu.php (57)
2014/12/03 23:45:25 [warning] [application] Failed to set unsafe attribute "id" of "Language".
in /var/www/html/motolao/protected/components/dataProviders/DTActiveRecord.php (47)
in /var/www/html/motolao/protected/models/Language.php (140)
in /var/www/html/motolao/themes/frontend/views/layouts/_menu.php (57)
2014/12/03 23:45:25 [warning] [application] Failed to set unsafe attribute "flag_img" of "Language".
in /var/www/html/motolao/protected/components/dataProviders/DTActiveRecord.php (47)
in /var/www/html/motolao/protected/models/Language.php (140)
in /var/www/html/motolao/themes/frontend/views/layouts/_menu.php (57)
2014/12/03 23:45:25 [warning] [application] Failed to set unsafe attribute "id" of "SocialMediaLink".
in /var/www/html/motolao/protected/components/dataProviders/DTActiveRecord.php (47)
in /var/www/html/motolao/themes/frontend/views/layouts/main.php (161)
in /var/www/html/motolao/themes/frontend/views/layouts/column2.php (5)
2014/12/03 23:45:25 [warning] [application] Failed to set unsafe attribute "image" of "SocialMediaLink".
in /var/www/html/motolao/protected/components/dataProviders/DTActiveRecord.php (47)
in /var/www/html/motolao/themes/frontend/views/layouts/main.php (161)
in /var/www/html/motolao/themes/frontend/views/layouts/column2.php (5)
2014/12/03 23:45:25 [warning] [application] Failed to set unsafe attribute "id" of "SocialMediaLink".
in /var/www/html/motolao/protected/components/dataProviders/DTActiveRecord.php (47)
in /var/www/html/motolao/themes/frontend/views/layouts/main.php (161)
in /var/www/html/motolao/themes/frontend/views/layouts/column2.php (5)
2014/12/03 23:45:25 [warning] [application] Failed to set unsafe attribute "image" of "SocialMediaLink".
in /var/www/html/motolao/protected/components/dataProviders/DTActiveRecord.php (47)
in /var/www/html/motolao/themes/frontend/views/layouts/main.php (161)
in /var/www/html/motolao/themes/frontend/views/layouts/column2.php (5)
2014/12/03 23:45:25 [warning] [application] Failed to set unsafe attribute "id" of "SocialMediaLink".
in /var/www/html/motolao/protected/components/dataProviders/DTActiveRecord.php (47)
in /var/www/html/motolao/themes/frontend/views/layouts/main.php (161)
in /var/www/html/motolao/themes/frontend/views/layouts/column2.php (5)
2014/12/03 23:45:25 [warning] [application] Failed to set unsafe attribute "image" of "SocialMediaLink".
in /var/www/html/motolao/protected/components/dataProviders/DTActiveRecord.php (47)
in /var/www/html/motolao/themes/frontend/views/layouts/main.php (161)
in /var/www/html/motolao/themes/frontend/views/layouts/column2.php (5)
2014/12/03 23:45:25 [warning] [application] Failed to set unsafe attribute "id" of "SocialMediaLink".
in /var/www/html/motolao/protected/components/dataProviders/DTActiveRecord.php (47)
in /var/www/html/motolao/themes/frontend/views/layouts/main.php (161)
in /var/www/html/motolao/themes/frontend/views/layouts/column2.php (5)
2014/12/03 23:45:25 [warning] [application] Failed to set unsafe attribute "image" of "SocialMediaLink".
in /var/www/html/motolao/protected/components/dataProviders/DTActiveRecord.php (47)
in /var/www/html/motolao/themes/frontend/views/layouts/main.php (161)
in /var/www/html/motolao/themes/frontend/views/layouts/column2.php (5)
2014/12/03 23:45:25 [warning] [application] Failed to set unsafe attribute "id" of "SocialMediaLink".
in /var/www/html/motolao/protected/components/dataProviders/DTActiveRecord.php (47)
in /var/www/html/motolao/themes/frontend/views/layouts/main.php (161)
in /var/www/html/motolao/themes/frontend/views/layouts/column2.php (5)
2014/12/03 23:45:25 [warning] [application] Failed to set unsafe attribute "image" of "SocialMediaLink".
in /var/www/html/motolao/protected/components/dataProviders/DTActiveRecord.php (47)
in /var/www/html/motolao/themes/frontend/views/layouts/main.php (161)
in /var/www/html/motolao/themes/frontend/views/layouts/column2.php (5)
2014/12/03 23:45:25 [warning] [application] Failed to set unsafe attribute "id" of "SocialMediaLink".
in /var/www/html/motolao/protected/components/dataProviders/DTActiveRecord.php (47)
in /var/www/html/motolao/themes/frontend/views/layouts/main.php (161)
in /var/www/html/motolao/themes/frontend/views/layouts/column2.php (5)
2014/12/03 23:45:25 [warning] [application] Failed to set unsafe attribute "image" of "SocialMediaLink".
in /var/www/html/motolao/protected/components/dataProviders/DTActiveRecord.php (47)
in /var/www/html/motolao/themes/frontend/views/layouts/main.php (161)
in /var/www/html/motolao/themes/frontend/views/layouts/column2.php (5)
2014/12/03 23:45:25 [warning] [application] Failed to set unsafe attribute "id" of "SocialMediaLink".
in /var/www/html/motolao/protected/components/dataProviders/DTActiveRecord.php (47)
in /var/www/html/motolao/themes/frontend/views/layouts/main.php (161)
in /var/www/html/motolao/themes/frontend/views/layouts/column2.php (5)
2014/12/03 23:45:25 [warning] [application] Failed to set unsafe attribute "image" of "SocialMediaLink".
in /var/www/html/motolao/protected/components/dataProviders/DTActiveRecord.php (47)
in /var/www/html/motolao/themes/frontend/views/layouts/main.php (161)
in /var/www/html/motolao/themes/frontend/views/layouts/column2.php (5)
2014/12/03 23:45:52 [warning] [application] Failed to set unsafe attribute "id" of "Language".
in /var/www/html/motolao/protected/components/dataProviders/DTActiveRecord.php (47)
in /var/www/html/motolao/protected/models/Language.php (140)
in /var/www/html/motolao/protected/models/Language.php (163)
2014/12/03 23:45:52 [warning] [application] Failed to set unsafe attribute "flag_img" of "Language".
in /var/www/html/motolao/protected/components/dataProviders/DTActiveRecord.php (47)
in /var/www/html/motolao/protected/models/Language.php (140)
in /var/www/html/motolao/protected/models/Language.php (163)
2014/12/03 23:45:52 [warning] [application] Failed to set unsafe attribute "id" of "Category".
in /var/www/html/motolao/protected/components/dataProviders/DTActiveRecord.php (47)
in /var/www/html/motolao/themes/frontend/views/layouts/_menu.php (22)
in /var/www/html/motolao/themes/frontend/views/layouts/main.php (82)
2014/12/03 23:45:52 [warning] [application] Failed to set unsafe attribute "id" of "Category".
in /var/www/html/motolao/protected/components/dataProviders/DTActiveRecord.php (47)
in /var/www/html/motolao/themes/frontend/views/layouts/_menu.php (22)
in /var/www/html/motolao/themes/frontend/views/layouts/main.php (82)
2014/12/03 23:45:52 [warning] [application] Failed to set unsafe attribute "id" of "Language".
in /var/www/html/motolao/protected/components/dataProviders/DTActiveRecord.php (47)
in /var/www/html/motolao/protected/models/Language.php (140)
in /var/www/html/motolao/themes/frontend/views/layouts/_menu.php (57)
2014/12/03 23:45:52 [warning] [application] Failed to set unsafe attribute "flag_img" of "Language".
in /var/www/html/motolao/protected/components/dataProviders/DTActiveRecord.php (47)
in /var/www/html/motolao/protected/models/Language.php (140)
in /var/www/html/motolao/themes/frontend/views/layouts/_menu.php (57)
2014/12/03 23:45:52 [warning] [application] Failed to set unsafe attribute "id" of "Language".
in /var/www/html/motolao/protected/components/dataProviders/DTActiveRecord.php (47)
in /var/www/html/motolao/protected/models/Language.php (140)
in /var/www/html/motolao/themes/frontend/views/layouts/_menu.php (57)
2014/12/03 23:45:52 [warning] [application] Failed to set unsafe attribute "flag_img" of "Language".
in /var/www/html/motolao/protected/components/dataProviders/DTActiveRecord.php (47)
in /var/www/html/motolao/protected/models/Language.php (140)
in /var/www/html/motolao/themes/frontend/views/layouts/_menu.php (57)
2014/12/03 23:45:52 [warning] [application] Failed to set unsafe attribute "id" of "Language".
in /var/www/html/motolao/protected/components/dataProviders/DTActiveRecord.php (47)
in /var/www/html/motolao/protected/models/Language.php (140)
in /var/www/html/motolao/themes/frontend/views/layouts/_menu.php (57)
2014/12/03 23:45:52 [warning] [application] Failed to set unsafe attribute "flag_img" of "Language".
in /var/www/html/motolao/protected/components/dataProviders/DTActiveRecord.php (47)
in /var/www/html/motolao/protected/models/Language.php (140)
in /var/www/html/motolao/themes/frontend/views/layouts/_menu.php (57)
2014/12/03 23:45:52 [warning] [application] Failed to set unsafe attribute "id" of "SocialMediaLink".
in /var/www/html/motolao/protected/components/dataProviders/DTActiveRecord.php (47)
in /var/www/html/motolao/themes/frontend/views/layouts/main.php (161)
in /var/www/html/motolao/themes/frontend/views/layouts/column2.php (5)
2014/12/03 23:45:52 [warning] [application] Failed to set unsafe attribute "image" of "SocialMediaLink".
in /var/www/html/motolao/protected/components/dataProviders/DTActiveRecord.php (47)
in /var/www/html/motolao/themes/frontend/views/layouts/main.php (161)
in /var/www/html/motolao/themes/frontend/views/layouts/column2.php (5)
2014/12/03 23:45:52 [warning] [application] Failed to set unsafe attribute "id" of "SocialMediaLink".
in /var/www/html/motolao/protected/components/dataProviders/DTActiveRecord.php (47)
in /var/www/html/motolao/themes/frontend/views/layouts/main.php (161)
in /var/www/html/motolao/themes/frontend/views/layouts/column2.php (5)
2014/12/03 23:45:52 [warning] [application] Failed to set unsafe attribute "image" of "SocialMediaLink".
in /var/www/html/motolao/protected/components/dataProviders/DTActiveRecord.php (47)
in /var/www/html/motolao/themes/frontend/views/layouts/main.php (161)
in /var/www/html/motolao/themes/frontend/views/layouts/column2.php (5)
2014/12/03 23:45:52 [warning] [application] Failed to set unsafe attribute "id" of "SocialMediaLink".
in /var/www/html/motolao/protected/components/dataProviders/DTActiveRecord.php (47)
in /var/www/html/motolao/themes/frontend/views/layouts/main.php (161)
in /var/www/html/motolao/themes/frontend/views/layouts/column2.php (5)
2014/12/03 23:45:52 [warning] [application] Failed to set unsafe attribute "image" of "SocialMediaLink".
in /var/www/html/motolao/protected/components/dataProviders/DTActiveRecord.php (47)
in /var/www/html/motolao/themes/frontend/views/layouts/main.php (161)
in /var/www/html/motolao/themes/frontend/views/layouts/column2.php (5)
2014/12/03 23:45:52 [warning] [application] Failed to set unsafe attribute "id" of "SocialMediaLink".
in /var/www/html/motolao/protected/components/dataProviders/DTActiveRecord.php (47)
in /var/www/html/motolao/themes/frontend/views/layouts/main.php (161)
in /var/www/html/motolao/themes/frontend/views/layouts/column2.php (5)
2014/12/03 23:45:52 [warning] [application] Failed to set unsafe attribute "image" of "SocialMediaLink".
in /var/www/html/motolao/protected/components/dataProviders/DTActiveRecord.php (47)
in /var/www/html/motolao/themes/frontend/views/layouts/main.php (161)
in /var/www/html/motolao/themes/frontend/views/layouts/column2.php (5)
2014/12/03 23:45:52 [warning] [application] Failed to set unsafe attribute "id" of "SocialMediaLink".
in /var/www/html/motolao/protected/components/dataProviders/DTActiveRecord.php (47)
in /var/www/html/motolao/themes/frontend/views/layouts/main.php (161)
in /var/www/html/motolao/themes/frontend/views/layouts/column2.php (5)
2014/12/03 23:45:52 [warning] [application] Failed to set unsafe attribute "image" of "SocialMediaLink".
in /var/www/html/motolao/protected/components/dataProviders/DTActiveRecord.php (47)
in /var/www/html/motolao/themes/frontend/views/layouts/main.php (161)
in /var/www/html/motolao/themes/frontend/views/layouts/column2.php (5)
2014/12/03 23:45:52 [warning] [application] Failed to set unsafe attribute "id" of "SocialMediaLink".
in /var/www/html/motolao/protected/components/dataProviders/DTActiveRecord.php (47)
in /var/www/html/motolao/themes/frontend/views/layouts/main.php (161)
in /var/www/html/motolao/themes/frontend/views/layouts/column2.php (5)
2014/12/03 23:45:52 [warning] [application] Failed to set unsafe attribute "image" of "SocialMediaLink".
in /var/www/html/motolao/protected/components/dataProviders/DTActiveRecord.php (47)
in /var/www/html/motolao/themes/frontend/views/layouts/main.php (161)
in /var/www/html/motolao/themes/frontend/views/layouts/column2.php (5)
2014/12/03 23:45:52 [warning] [application] Failed to set unsafe attribute "id" of "SocialMediaLink".
in /var/www/html/motolao/protected/components/dataProviders/DTActiveRecord.php (47)
in /var/www/html/motolao/themes/frontend/views/layouts/main.php (161)
in /var/www/html/motolao/themes/frontend/views/layouts/column2.php (5)
2014/12/03 23:45:52 [warning] [application] Failed to set unsafe attribute "image" of "SocialMediaLink".
in /var/www/html/motolao/protected/components/dataProviders/DTActiveRecord.php (47)
in /var/www/html/motolao/themes/frontend/views/layouts/main.php (161)
in /var/www/html/motolao/themes/frontend/views/layouts/column2.php (5)
2014/12/03 23:46:18 [warning] [application] Failed to set unsafe attribute "id" of "Language".
in /var/www/html/motolao/protected/components/dataProviders/DTActiveRecord.php (47)
in /var/www/html/motolao/protected/models/Language.php (140)
in /var/www/html/motolao/protected/models/Language.php (163)
2014/12/03 23:46:18 [warning] [application] Failed to set unsafe attribute "flag_img" of "Language".
in /var/www/html/motolao/protected/components/dataProviders/DTActiveRecord.php (47)
in /var/www/html/motolao/protected/models/Language.php (140)
in /var/www/html/motolao/protected/models/Language.php (163)
2014/12/03 23:46:18 [warning] [application] Failed to set unsafe attribute "id" of "Category".
in /var/www/html/motolao/protected/components/dataProviders/DTActiveRecord.php (47)
in /var/www/html/motolao/themes/frontend/views/layouts/_menu.php (22)
in /var/www/html/motolao/themes/frontend/views/layouts/main.php (82)
2014/12/03 23:46:18 [warning] [application] Failed to set unsafe attribute "id" of "Category".
in /var/www/html/motolao/protected/components/dataProviders/DTActiveRecord.php (47)
in /var/www/html/motolao/themes/frontend/views/layouts/_menu.php (22)
in /var/www/html/motolao/themes/frontend/views/layouts/main.php (82)
2014/12/03 23:46:18 [warning] [application] Failed to set unsafe attribute "id" of "Language".
in /var/www/html/motolao/protected/components/dataProviders/DTActiveRecord.php (47)
in /var/www/html/motolao/protected/models/Language.php (140)
in /var/www/html/motolao/themes/frontend/views/layouts/_menu.php (57)
2014/12/03 23:46:18 [warning] [application] Failed to set unsafe attribute "flag_img" of "Language".
in /var/www/html/motolao/protected/components/dataProviders/DTActiveRecord.php (47)
in /var/www/html/motolao/protected/models/Language.php (140)
in /var/www/html/motolao/themes/frontend/views/layouts/_menu.php (57)
2014/12/03 23:46:18 [warning] [application] Failed to set unsafe attribute "id" of "Language".
in /var/www/html/motolao/protected/components/dataProviders/DTActiveRecord.php (47)
in /var/www/html/motolao/protected/models/Language.php (140)
in /var/www/html/motolao/themes/frontend/views/layouts/_menu.php (57)
2014/12/03 23:46:18 [warning] [application] Failed to set unsafe attribute "flag_img" of "Language".
in /var/www/html/motolao/protected/components/dataProviders/DTActiveRecord.php (47)
in /var/www/html/motolao/protected/models/Language.php (140)
in /var/www/html/motolao/themes/frontend/views/layouts/_menu.php (57)
2014/12/03 23:46:18 [warning] [application] Failed to set unsafe attribute "id" of "Language".
in /var/www/html/motolao/protected/components/dataProviders/DTActiveRecord.php (47)
in /var/www/html/motolao/protected/models/Language.php (140)
in /var/www/html/motolao/themes/frontend/views/layouts/_menu.php (57)
2014/12/03 23:46:18 [warning] [application] Failed to set unsafe attribute "flag_img" of "Language".
in /var/www/html/motolao/protected/components/dataProviders/DTActiveRecord.php (47)
in /var/www/html/motolao/protected/models/Language.php (140)
in /var/www/html/motolao/themes/frontend/views/layouts/_menu.php (57)
2014/12/03 23:46:18 [warning] [application] Failed to set unsafe attribute "id" of "SocialMediaLink".
in /var/www/html/motolao/protected/components/dataProviders/DTActiveRecord.php (47)
in /var/www/html/motolao/themes/frontend/views/layouts/main.php (161)
in /var/www/html/motolao/themes/frontend/views/layouts/column2.php (5)
2014/12/03 23:46:18 [warning] [application] Failed to set unsafe attribute "image" of "SocialMediaLink".
in /var/www/html/motolao/protected/components/dataProviders/DTActiveRecord.php (47)
in /var/www/html/motolao/themes/frontend/views/layouts/main.php (161)
in /var/www/html/motolao/themes/frontend/views/layouts/column2.php (5)
2014/12/03 23:46:18 [warning] [application] Failed to set unsafe attribute "id" of "SocialMediaLink".
in /var/www/html/motolao/protected/components/dataProviders/DTActiveRecord.php (47)
in /var/www/html/motolao/themes/frontend/views/layouts/main.php (161)
in /var/www/html/motolao/themes/frontend/views/layouts/column2.php (5)
2014/12/03 23:46:18 [warning] [application] Failed to set unsafe attribute "image" of "SocialMediaLink".
in /var/www/html/motolao/protected/components/dataProviders/DTActiveRecord.php (47)
in /var/www/html/motolao/themes/frontend/views/layouts/main.php (161)
in /var/www/html/motolao/themes/frontend/views/layouts/column2.php (5)
2014/12/03 23:46:18 [warning] [application] Failed to set unsafe attribute "id" of "SocialMediaLink".
in /var/www/html/motolao/protected/components/dataProviders/DTActiveRecord.php (47)
in /var/www/html/motolao/themes/frontend/views/layouts/main.php (161)
in /var/www/html/motolao/themes/frontend/views/layouts/column2.php (5)
2014/12/03 23:46:18 [warning] [application] Failed to set unsafe attribute "image" of "SocialMediaLink".
in /var/www/html/motolao/protected/components/dataProviders/DTActiveRecord.php (47)
in /var/www/html/motolao/themes/frontend/views/layouts/main.php (161)
in /var/www/html/motolao/themes/frontend/views/layouts/column2.php (5)
2014/12/03 23:46:18 [warning] [application] Failed to set unsafe attribute "id" of "SocialMediaLink".
in /var/www/html/motolao/protected/components/dataProviders/DTActiveRecord.php (47)
in /var/www/html/motolao/themes/frontend/views/layouts/main.php (161)
in /var/www/html/motolao/themes/frontend/views/layouts/column2.php (5)
2014/12/03 23:46:18 [warning] [application] Failed to set unsafe attribute "image" of "SocialMediaLink".
in /var/www/html/motolao/protected/components/dataProviders/DTActiveRecord.php (47)
in /var/www/html/motolao/themes/frontend/views/layouts/main.php (161)
in /var/www/html/motolao/themes/frontend/views/layouts/column2.php (5)
2014/12/03 23:46:18 [warning] [application] Failed to set unsafe attribute "id" of "SocialMediaLink".
in /var/www/html/motolao/protected/components/dataProviders/DTActiveRecord.php (47)
in /var/www/html/motolao/themes/frontend/views/layouts/main.php (161)
in /var/www/html/motolao/themes/frontend/views/layouts/column2.php (5)
2014/12/03 23:46:18 [warning] [application] Failed to set unsafe attribute "image" of "SocialMediaLink".
in /var/www/html/motolao/protected/components/dataProviders/DTActiveRecord.php (47)
in /var/www/html/motolao/themes/frontend/views/layouts/main.php (161)
in /var/www/html/motolao/themes/frontend/views/layouts/column2.php (5)
2014/12/03 23:46:18 [warning] [application] Failed to set unsafe attribute "id" of "SocialMediaLink".
in /var/www/html/motolao/protected/components/dataProviders/DTActiveRecord.php (47)
in /var/www/html/motolao/themes/frontend/views/layouts/main.php (161)
in /var/www/html/motolao/themes/frontend/views/layouts/column2.php (5)
2014/12/03 23:46:18 [warning] [application] Failed to set unsafe attribute "image" of "SocialMediaLink".
in /var/www/html/motolao/protected/components/dataProviders/DTActiveRecord.php (47)
in /var/www/html/motolao/themes/frontend/views/layouts/main.php (161)
in /var/www/html/motolao/themes/frontend/views/layouts/column2.php (5)
2014/12/03 23:46:18 [warning] [application] Failed to set unsafe attribute "id" of "SocialMediaLink".
in /var/www/html/motolao/protected/components/dataProviders/DTActiveRecord.php (47)
in /var/www/html/motolao/themes/frontend/views/layouts/main.php (161)
in /var/www/html/motolao/themes/frontend/views/layouts/column2.php (5)
2014/12/03 23:46:18 [warning] [application] Failed to set unsafe attribute "image" of "SocialMediaLink".
in /var/www/html/motolao/protected/components/dataProviders/DTActiveRecord.php (47)
in /var/www/html/motolao/themes/frontend/views/layouts/main.php (161)
in /var/www/html/motolao/themes/frontend/views/layouts/column2.php (5)
2014/12/03 23:47:14 [warning] [application] Failed to set unsafe attribute "id" of "Language".
in /var/www/html/motolao/protected/components/dataProviders/DTActiveRecord.php (47)
in /var/www/html/motolao/protected/models/Language.php (140)
in /var/www/html/motolao/protected/models/Language.php (163)
2014/12/03 23:47:14 [warning] [application] Failed to set unsafe attribute "flag_img" of "Language".
in /var/www/html/motolao/protected/components/dataProviders/DTActiveRecord.php (47)
in /var/www/html/motolao/protected/models/Language.php (140)
in /var/www/html/motolao/protected/models/Language.php (163)
2014/12/03 23:47:14 [warning] [application] Failed to set unsafe attribute "id" of "Category".
in /var/www/html/motolao/protected/components/dataProviders/DTActiveRecord.php (47)
in /var/www/html/motolao/themes/frontend/views/layouts/_menu.php (22)
in /var/www/html/motolao/themes/frontend/views/layouts/main.php (82)
2014/12/03 23:47:14 [warning] [application] Failed to set unsafe attribute "id" of "Category".
in /var/www/html/motolao/protected/components/dataProviders/DTActiveRecord.php (47)
in /var/www/html/motolao/themes/frontend/views/layouts/_menu.php (22)
in /var/www/html/motolao/themes/frontend/views/layouts/main.php (82)
2014/12/03 23:47:14 [warning] [application] Failed to set unsafe attribute "id" of "Language".
in /var/www/html/motolao/protected/components/dataProviders/DTActiveRecord.php (47)
in /var/www/html/motolao/protected/models/Language.php (140)
in /var/www/html/motolao/themes/frontend/views/layouts/_menu.php (57)
2014/12/03 23:47:14 [warning] [application] Failed to set unsafe attribute "flag_img" of "Language".
in /var/www/html/motolao/protected/components/dataProviders/DTActiveRecord.php (47)
in /var/www/html/motolao/protected/models/Language.php (140)
in /var/www/html/motolao/themes/frontend/views/layouts/_menu.php (57)
2014/12/03 23:47:14 [warning] [application] Failed to set unsafe attribute "id" of "Language".
in /var/www/html/motolao/protected/components/dataProviders/DTActiveRecord.php (47)
in /var/www/html/motolao/protected/models/Language.php (140)
in /var/www/html/motolao/themes/frontend/views/layouts/_menu.php (57)
2014/12/03 23:47:14 [warning] [application] Failed to set unsafe attribute "flag_img" of "Language".
in /var/www/html/motolao/protected/components/dataProviders/DTActiveRecord.php (47)
in /var/www/html/motolao/protected/models/Language.php (140)
in /var/www/html/motolao/themes/frontend/views/layouts/_menu.php (57)
2014/12/03 23:47:14 [warning] [application] Failed to set unsafe attribute "id" of "Language".
in /var/www/html/motolao/protected/components/dataProviders/DTActiveRecord.php (47)
in /var/www/html/motolao/protected/models/Language.php (140)
in /var/www/html/motolao/themes/frontend/views/layouts/_menu.php (57)
2014/12/03 23:47:14 [warning] [application] Failed to set unsafe attribute "flag_img" of "Language".
in /var/www/html/motolao/protected/components/dataProviders/DTActiveRecord.php (47)
in /var/www/html/motolao/protected/models/Language.php (140)
in /var/www/html/motolao/themes/frontend/views/layouts/_menu.php (57)
2014/12/03 23:47:14 [warning] [application] Failed to set unsafe attribute "id" of "SocialMediaLink".
in /var/www/html/motolao/protected/components/dataProviders/DTActiveRecord.php (47)
in /var/www/html/motolao/themes/frontend/views/layouts/main.php (161)
in /var/www/html/motolao/themes/frontend/views/layouts/column2.php (5)
2014/12/03 23:47:14 [warning] [application] Failed to set unsafe attribute "image" of "SocialMediaLink".
in /var/www/html/motolao/protected/components/dataProviders/DTActiveRecord.php (47)
in /var/www/html/motolao/themes/frontend/views/layouts/main.php (161)
in /var/www/html/motolao/themes/frontend/views/layouts/column2.php (5)
2014/12/03 23:47:14 [warning] [application] Failed to set unsafe attribute "id" of "SocialMediaLink".
in /var/www/html/motolao/protected/components/dataProviders/DTActiveRecord.php (47)
in /var/www/html/motolao/themes/frontend/views/layouts/main.php (161)
in /var/www/html/motolao/themes/frontend/views/layouts/column2.php (5)
2014/12/03 23:47:14 [warning] [application] Failed to set unsafe attribute "image" of "SocialMediaLink".
in /var/www/html/motolao/protected/components/dataProviders/DTActiveRecord.php (47)
in /var/www/html/motolao/themes/frontend/views/layouts/main.php (161)
in /var/www/html/motolao/themes/frontend/views/layouts/column2.php (5)
2014/12/03 23:47:14 [warning] [application] Failed to set unsafe attribute "id" of "SocialMediaLink".
in /var/www/html/motolao/protected/components/dataProviders/DTActiveRecord.php (47)
in /var/www/html/motolao/themes/frontend/views/layouts/main.php (161)
in /var/www/html/motolao/themes/frontend/views/layouts/column2.php (5)
2014/12/03 23:47:14 [warning] [application] Failed to set unsafe attribute "image" of "SocialMediaLink".
in /var/www/html/motolao/protected/components/dataProviders/DTActiveRecord.php (47)
in /var/www/html/motolao/themes/frontend/views/layouts/main.php (161)
in /var/www/html/motolao/themes/frontend/views/layouts/column2.php (5)
2014/12/03 23:47:14 [warning] [application] Failed to set unsafe attribute "id" of "SocialMediaLink".
in /var/www/html/motolao/protected/components/dataProviders/DTActiveRecord.php (47)
in /var/www/html/motolao/themes/frontend/views/layouts/main.php (161)
in /var/www/html/motolao/themes/frontend/views/layouts/column2.php (5)
2014/12/03 23:47:14 [warning] [application] Failed to set unsafe attribute "image" of "SocialMediaLink".
in /var/www/html/motolao/protected/components/dataProviders/DTActiveRecord.php (47)
in /var/www/html/motolao/themes/frontend/views/layouts/main.php (161)
in /var/www/html/motolao/themes/frontend/views/layouts/column2.php (5)
2014/12/03 23:47:14 [warning] [application] Failed to set unsafe attribute "id" of "SocialMediaLink".
in /var/www/html/motolao/protected/components/dataProviders/DTActiveRecord.php (47)
in /var/www/html/motolao/themes/frontend/views/layouts/main.php (161)
in /var/www/html/motolao/themes/frontend/views/layouts/column2.php (5)
2014/12/03 23:47:14 [warning] [application] Failed to set unsafe attribute "image" of "SocialMediaLink".
in /var/www/html/motolao/protected/components/dataProviders/DTActiveRecord.php (47)
in /var/www/html/motolao/themes/frontend/views/layouts/main.php (161)
in /var/www/html/motolao/themes/frontend/views/layouts/column2.php (5)
2014/12/03 23:47:14 [warning] [application] Failed to set unsafe attribute "id" of "SocialMediaLink".
in /var/www/html/motolao/protected/components/dataProviders/DTActiveRecord.php (47)
in /var/www/html/motolao/themes/frontend/views/layouts/main.php (161)
in /var/www/html/motolao/themes/frontend/views/layouts/column2.php (5)
2014/12/03 23:47:14 [warning] [application] Failed to set unsafe attribute "image" of "SocialMediaLink".
in /var/www/html/motolao/protected/components/dataProviders/DTActiveRecord.php (47)
in /var/www/html/motolao/themes/frontend/views/layouts/main.php (161)
in /var/www/html/motolao/themes/frontend/views/layouts/column2.php (5)
2014/12/03 23:47:14 [warning] [application] Failed to set unsafe attribute "id" of "SocialMediaLink".
in /var/www/html/motolao/protected/components/dataProviders/DTActiveRecord.php (47)
in /var/www/html/motolao/themes/frontend/views/layouts/main.php (161)
in /var/www/html/motolao/themes/frontend/views/layouts/column2.php (5)
2014/12/03 23:47:14 [warning] [application] Failed to set unsafe attribute "image" of "SocialMediaLink".
in /var/www/html/motolao/protected/components/dataProviders/DTActiveRecord.php (47)
in /var/www/html/motolao/themes/frontend/views/layouts/main.php (161)
in /var/www/html/motolao/themes/frontend/views/layouts/column2.php (5)
2014/12/03 23:47:40 [warning] [application] Failed to set unsafe attribute "id" of "Users".
in /var/www/html/motolao/protected/components/dataProviders/DTActiveRecord.php (47)
in /var/www/html/motolao/protected/models/Users.php (166)
in /var/www/html/motolao/protected/components/UserIdentity.php (17)
2014/12/03 23:47:40 [warning] [application] Failed to set unsafe attribute "id" of "Users".
in /var/www/html/motolao/protected/components/dataProviders/DTActiveRecord.php (47)
in /var/www/html/motolao/protected/models/Users.php (166)
in /var/www/html/motolao/protected/components/DTWebUser.php (19)
2014/12/03 23:47:43 [warning] [application] Failed to set unsafe attribute "id" of "ConfContactUsSetting".
in /var/www/html/motolao/protected/components/dataProviders/DTActiveRecord.php (47)
in /var/www/html/motolao/protected/controllers/ConfigurationsController.php (52)
in /var/www/html/motolao/index.php (14)
2014/12/03 23:47:43 [warning] [application] Failed to set unsafe attribute "id" of "Users".
in /var/www/html/motolao/protected/components/dataProviders/DTActiveRecord.php (47)
in /var/www/html/motolao/protected/models/Users.php (166)
in /var/www/html/motolao/protected/components/DTWebUser.php (19)
2014/12/03 23:51:59 [warning] [application] Failed to set unsafe attribute "id" of "ConfContactUsSetting".
in /var/www/html/motolao/protected/components/dataProviders/DTActiveRecord.php (47)
in /var/www/html/motolao/protected/controllers/ConfigurationsController.php (52)
in /var/www/html/motolao/index.php (14)
2014/12/03 23:51:59 [warning] [application] Failed to set unsafe attribute "id" of "Users".
in /var/www/html/motolao/protected/components/dataProviders/DTActiveRecord.php (47)
in /var/www/html/motolao/protected/models/Users.php (166)
in /var/www/html/motolao/protected/components/DTWebUser.php (19)
2014/12/03 23:52:07 [warning] [application] Failed to set unsafe attribute "id" of "Language".
in /var/www/html/motolao/protected/components/dataProviders/DTActiveRecord.php (47)
in /var/www/html/motolao/protected/models/Language.php (140)
in /var/www/html/motolao/protected/models/Language.php (163)
2014/12/03 23:52:07 [warning] [application] Failed to set unsafe attribute "flag_img" of "Language".
in /var/www/html/motolao/protected/components/dataProviders/DTActiveRecord.php (47)
in /var/www/html/motolao/protected/models/Language.php (140)
in /var/www/html/motolao/protected/models/Language.php (163)
2014/12/03 23:52:07 [warning] [application] Failed to set unsafe attribute "id" of "ConfContactUsSetting".
in /var/www/html/motolao/protected/components/dataProviders/DTActiveRecord.php (47)
in /var/www/html/motolao/themes/frontend/views/default/contact.php (51)
in /var/www/html/motolao/protected/modules/web/controllers/DefaultController.php (85)
2014/12/03 23:52:07 [warning] [application] Failed to set unsafe attribute "id" of "Category".
in /var/www/html/motolao/protected/components/dataProviders/DTActiveRecord.php (47)
in /var/www/html/motolao/themes/frontend/views/layouts/_menu.php (22)
in /var/www/html/motolao/themes/frontend/views/layouts/main.php (82)
2014/12/03 23:52:07 [warning] [application] Failed to set unsafe attribute "id" of "Category".
in /var/www/html/motolao/protected/components/dataProviders/DTActiveRecord.php (47)
in /var/www/html/motolao/themes/frontend/views/layouts/_menu.php (22)
in /var/www/html/motolao/themes/frontend/views/layouts/main.php (82)
2014/12/03 23:52:07 [warning] [application] Failed to set unsafe attribute "id" of "Language".
in /var/www/html/motolao/protected/components/dataProviders/DTActiveRecord.php (47)
in /var/www/html/motolao/protected/models/Language.php (140)
in /var/www/html/motolao/themes/frontend/views/layouts/_menu.php (57)
2014/12/03 23:52:07 [warning] [application] Failed to set unsafe attribute "flag_img" of "Language".
in /var/www/html/motolao/protected/components/dataProviders/DTActiveRecord.php (47)
in /var/www/html/motolao/protected/models/Language.php (140)
in /var/www/html/motolao/themes/frontend/views/layouts/_menu.php (57)
2014/12/03 23:52:07 [warning] [application] Failed to set unsafe attribute "id" of "Language".
in /var/www/html/motolao/protected/components/dataProviders/DTActiveRecord.php (47)
in /var/www/html/motolao/protected/models/Language.php (140)
in /var/www/html/motolao/themes/frontend/views/layouts/_menu.php (57)
2014/12/03 23:52:07 [warning] [application] Failed to set unsafe attribute "flag_img" of "Language".
in /var/www/html/motolao/protected/components/dataProviders/DTActiveRecord.php (47)
in /var/www/html/motolao/protected/models/Language.php (140)
in /var/www/html/motolao/themes/frontend/views/layouts/_menu.php (57)
2014/12/03 23:52:07 [warning] [application] Failed to set unsafe attribute "id" of "Language".
in /var/www/html/motolao/protected/components/dataProviders/DTActiveRecord.php (47)
in /var/www/html/motolao/protected/models/Language.php (140)
in /var/www/html/motolao/themes/frontend/views/layouts/_menu.php (57)
2014/12/03 23:52:07 [warning] [application] Failed to set unsafe attribute "flag_img" of "Language".
in /var/www/html/motolao/protected/components/dataProviders/DTActiveRecord.php (47)
in /var/www/html/motolao/protected/models/Language.php (140)
in /var/www/html/motolao/themes/frontend/views/layouts/_menu.php (57)
2014/12/03 23:52:07 [warning] [application] Failed to set unsafe attribute "id" of "SocialMediaLink".
in /var/www/html/motolao/protected/components/dataProviders/DTActiveRecord.php (47)
in /var/www/html/motolao/themes/frontend/views/layouts/main.php (161)
in /var/www/html/motolao/themes/frontend/views/layouts/column2.php (5)
2014/12/03 23:52:07 [warning] [application] Failed to set unsafe attribute "image" of "SocialMediaLink".
in /var/www/html/motolao/protected/components/dataProviders/DTActiveRecord.php (47)
in /var/www/html/motolao/themes/frontend/views/layouts/main.php (161)
in /var/www/html/motolao/themes/frontend/views/layouts/column2.php (5)
2014/12/03 23:52:07 [warning] [application] Failed to set unsafe attribute "id" of "SocialMediaLink".
in /var/www/html/motolao/protected/components/dataProviders/DTActiveRecord.php (47)
in /var/www/html/motolao/themes/frontend/views/layouts/main.php (161)
in /var/www/html/motolao/themes/frontend/views/layouts/column2.php (5)
2014/12/03 23:52:07 [warning] [application] Failed to set unsafe attribute "image" of "SocialMediaLink".
in /var/www/html/motolao/protected/components/dataProviders/DTActiveRecord.php (47)
in /var/www/html/motolao/themes/frontend/views/layouts/main.php (161)
in /var/www/html/motolao/themes/frontend/views/layouts/column2.php (5)
2014/12/03 23:52:07 [warning] [application] Failed to set unsafe attribute "id" of "SocialMediaLink".
in /var/www/html/motolao/protected/components/dataProviders/DTActiveRecord.php (47)
in /var/www/html/motolao/themes/frontend/views/layouts/main.php (161)
in /var/www/html/motolao/themes/frontend/views/layouts/column2.php (5)
2014/12/03 23:52:07 [warning] [application] Failed to set unsafe attribute "image" of "SocialMediaLink".
in /var/www/html/motolao/protected/components/dataProviders/DTActiveRecord.php (47)
in /var/www/html/motolao/themes/frontend/views/layouts/main.php (161)
in /var/www/html/motolao/themes/frontend/views/layouts/column2.php (5)
2014/12/03 23:52:07 [warning] [application] Failed to set unsafe attribute "id" of "SocialMediaLink".
in /var/www/html/motolao/protected/components/dataProviders/DTActiveRecord.php (47)
in /var/www/html/motolao/themes/frontend/views/layouts/main.php (161)
in /var/www/html/motolao/themes/frontend/views/layouts/column2.php (5)
2014/12/03 23:52:07 [warning] [application] Failed to set unsafe attribute "image" of "SocialMediaLink".
in /var/www/html/motolao/protected/components/dataProviders/DTActiveRecord.php (47)
in /var/www/html/motolao/themes/frontend/views/layouts/main.php (161)
in /var/www/html/motolao/themes/frontend/views/layouts/column2.php (5)
2014/12/03 23:52:07 [warning] [application] Failed to set unsafe attribute "id" of "SocialMediaLink".
in /var/www/html/motolao/protected/components/dataProviders/DTActiveRecord.php (47)
in /var/www/html/motolao/themes/frontend/views/layouts/main.php (161)
in /var/www/html/motolao/themes/frontend/views/layouts/column2.php (5)
2014/12/03 23:52:07 [warning] [application] Failed to set unsafe attribute "image" of "SocialMediaLink".
in /var/www/html/motolao/protected/components/dataProviders/DTActiveRecord.php (47)
in /var/www/html/motolao/themes/frontend/views/layouts/main.php (161)
in /var/www/html/motolao/themes/frontend/views/layouts/column2.php (5)
2014/12/03 23:52:07 [warning] [application] Failed to set unsafe attribute "id" of "SocialMediaLink".
in /var/www/html/motolao/protected/components/dataProviders/DTActiveRecord.php (47)
in /var/www/html/motolao/themes/frontend/views/layouts/main.php (161)
in /var/www/html/motolao/themes/frontend/views/layouts/column2.php (5)
2014/12/03 23:52:07 [warning] [application] Failed to set unsafe attribute "image" of "SocialMediaLink".
in /var/www/html/motolao/protected/components/dataProviders/DTActiveRecord.php (47)
in /var/www/html/motolao/themes/frontend/views/layouts/main.php (161)
in /var/www/html/motolao/themes/frontend/views/layouts/column2.php (5)
2014/12/03 23:52:07 [warning] [application] Failed to set unsafe attribute "id" of "SocialMediaLink".
in /var/www/html/motolao/protected/components/dataProviders/DTActiveRecord.php (47)
in /var/www/html/motolao/themes/frontend/views/layouts/main.php (161)
in /var/www/html/motolao/themes/frontend/views/layouts/column2.php (5)
2014/12/03 23:52:07 [warning] [application] Failed to set unsafe attribute "image" of "SocialMediaLink".
in /var/www/html/motolao/protected/components/dataProviders/DTActiveRecord.php (47)
in /var/www/html/motolao/themes/frontend/views/layouts/main.php (161)
in /var/www/html/motolao/themes/frontend/views/layouts/column2.php (5)
2014/12/03 23:54:47 [warning] [application] Failed to set unsafe attribute "id" of "Users".
in /var/www/html/motolao/protected/components/dataProviders/DTActiveRecord.php (47)
in /var/www/html/motolao/protected/models/Users.php (166)
in /var/www/html/motolao/protected/components/DTWebUser.php (19)
2014/12/03 23:54:52 [warning] [application] Failed to set unsafe attribute "id" of "Language".
in /var/www/html/motolao/protected/components/dataProviders/DTActiveRecord.php (47)
in /var/www/html/motolao/protected/models/Language.php (140)
in /var/www/html/motolao/protected/models/Language.php (163)
2014/12/03 23:54:52 [warning] [application] Failed to set unsafe attribute "flag_img" of "Language".
in /var/www/html/motolao/protected/components/dataProviders/DTActiveRecord.php (47)
in /var/www/html/motolao/protected/models/Language.php (140)
in /var/www/html/motolao/protected/models/Language.php (163)
2014/12/03 23:54:52 [warning] [application] Failed to set unsafe attribute "id" of "Seo".
in /var/www/html/motolao/protected/components/dataProviders/DTActiveRecord.php (47)
in /var/www/html/motolao/protected/components/Controller.php (463)
in /var/www/html/motolao/protected/modules/web/controllers/DefaultController.php (19)
2014/12/03 23:54:52 [warning] [application] Failed to set unsafe attribute "id" of "InnerSlider".
in /var/www/html/motolao/protected/components/dataProviders/DTActiveRecord.php (47)
in /var/www/html/motolao/protected/models/InnerSlider.php (191)
in /var/www/html/motolao/themes/frontend/views/pluggins/inner_slider.php (9)
2014/12/03 23:54:52 [warning] [application] Failed to set unsafe attribute "image_large" of "InnerSlider".
in /var/www/html/motolao/protected/components/dataProviders/DTActiveRecord.php (47)
in /var/www/html/motolao/protected/models/InnerSlider.php (191)
in /var/www/html/motolao/themes/frontend/views/pluggins/inner_slider.php (9)
2014/12/03 23:54:52 [warning] [application] Failed to set unsafe attribute "id" of "InnerSlider".
in /var/www/html/motolao/protected/components/dataProviders/DTActiveRecord.php (47)
in /var/www/html/motolao/protected/models/InnerSlider.php (191)
in /var/www/html/motolao/themes/frontend/views/pluggins/inner_slider.php (9)
2014/12/03 23:54:52 [warning] [application] Failed to set unsafe attribute "image_large" of "InnerSlider".
in /var/www/html/motolao/protected/components/dataProviders/DTActiveRecord.php (47)
in /var/www/html/motolao/protected/models/InnerSlider.php (191)
in /var/www/html/motolao/themes/frontend/views/pluggins/inner_slider.php (9)
2014/12/03 23:54:52 [warning] [application] Failed to set unsafe attribute "id" of "InnerSlider".
in /var/www/html/motolao/protected/components/dataProviders/DTActiveRecord.php (47)
in /var/www/html/motolao/protected/models/InnerSlider.php (191)
in /var/www/html/motolao/themes/frontend/views/pluggins/inner_slider.php (9)
2014/12/03 23:54:52 [warning] [application] Failed to set unsafe attribute "image_large" of "InnerSlider".
in /var/www/html/motolao/protected/components/dataProviders/DTActiveRecord.php (47)
in /var/www/html/motolao/protected/models/InnerSlider.php (191)
in /var/www/html/motolao/themes/frontend/views/pluggins/inner_slider.php (9)
2014/12/03 23:54:52 [warning] [application] Failed to set unsafe attribute "image_large" of "HomePageItems".
in /var/www/html/motolao/protected/components/dataProviders/DTActiveRecord.php (47)
in /var/www/html/motolao/protected/models/HomePageItems.php (163)
in /var/www/html/motolao/themes/frontend/views/default/index.php (71)
2014/12/03 23:54:52 [warning] [application] Failed to set unsafe attribute "image_large" of "HomePageItems".
in /var/www/html/motolao/protected/components/dataProviders/DTActiveRecord.php (47)
in /var/www/html/motolao/protected/models/HomePageItems.php (163)
in /var/www/html/motolao/themes/frontend/views/default/index.php (71)
2014/12/03 23:54:52 [warning] [application] Failed to set unsafe attribute "id" of "Tour".
in /var/www/html/motolao/protected/components/dataProviders/DTActiveRecord.php (47)
in /var/www/html/motolao/protected/models/Tour.php (190)
in /var/www/html/motolao/themes/frontend/views/default/index.php (88)
2014/12/03 23:54:52 [warning] [application] Failed to set unsafe attribute "id" of "Category".
in /var/www/html/motolao/protected/components/dataProviders/DTActiveRecord.php (47)
in /var/www/html/motolao/themes/frontend/views/default/index.php (89)
in /var/www/html/motolao/protected/modules/web/controllers/DefaultController.php (20)
2014/12/03 23:54:52 [warning] [application] Failed to set unsafe attribute "id" of "Category".
in /var/www/html/motolao/protected/components/dataProviders/DTActiveRecord.php (47)
in /var/www/html/motolao/themes/frontend/views/layouts/_menu.php (22)
in /var/www/html/motolao/themes/frontend/views/layouts/main.php (82)
2014/12/03 23:54:52 [warning] [application] Failed to set unsafe attribute "id" of "Category".
in /var/www/html/motolao/protected/components/dataProviders/DTActiveRecord.php (47)
in /var/www/html/motolao/themes/frontend/views/layouts/_menu.php (22)
in /var/www/html/motolao/themes/frontend/views/layouts/main.php (82)
2014/12/03 23:54:53 [warning] [application] Failed to set unsafe attribute "id" of "Language".
in /var/www/html/motolao/protected/components/dataProviders/DTActiveRecord.php (47)
in /var/www/html/motolao/protected/models/Language.php (140)
in /var/www/html/motolao/themes/frontend/views/layouts/_menu.php (57)
2014/12/03 23:54:53 [warning] [application] Failed to set unsafe attribute "flag_img" of "Language".
in /var/www/html/motolao/protected/components/dataProviders/DTActiveRecord.php (47)
in /var/www/html/motolao/protected/models/Language.php (140)
in /var/www/html/motolao/themes/frontend/views/layouts/_menu.php (57)
2014/12/03 23:54:53 [warning] [application] Failed to set unsafe attribute "id" of "Language".
in /var/www/html/motolao/protected/components/dataProviders/DTActiveRecord.php (47)
in /var/www/html/motolao/protected/models/Language.php (140)
in /var/www/html/motolao/themes/frontend/views/layouts/_menu.php (57)
2014/12/03 23:54:53 [warning] [application] Failed to set unsafe attribute "flag_img" of "Language".
in /var/www/html/motolao/protected/components/dataProviders/DTActiveRecord.php (47)
in /var/www/html/motolao/protected/models/Language.php (140)
in /var/www/html/motolao/themes/frontend/views/layouts/_menu.php (57)
2014/12/03 23:54:53 [warning] [application] Failed to set unsafe attribute "id" of "Language".
in /var/www/html/motolao/protected/components/dataProviders/DTActiveRecord.php (47)
in /var/www/html/motolao/protected/models/Language.php (140)
in /var/www/html/motolao/themes/frontend/views/layouts/_menu.php (57)
2014/12/03 23:54:53 [warning] [application] Failed to set unsafe attribute "flag_img" of "Language".
in /var/www/html/motolao/protected/components/dataProviders/DTActiveRecord.php (47)
in /var/www/html/motolao/protected/models/Language.php (140)
in /var/www/html/motolao/themes/frontend/views/layouts/_menu.php (57)
2014/12/03 23:54:53 [warning] [application] Failed to set unsafe attribute "id" of "Banner".
in /var/www/html/motolao/protected/components/dataProviders/DTActiveRecord.php (47)
in /var/www/html/motolao/protected/models/Banner.php (184)
in /var/www/html/motolao/themes/frontend/views/pluggins/banner.php (9)
2014/12/03 23:54:53 [warning] [application] Failed to set unsafe attribute "image_large" of "Banner".
in /var/www/html/motolao/protected/components/dataProviders/DTActiveRecord.php (47)
in /var/www/html/motolao/protected/models/Banner.php (184)
in /var/www/html/motolao/themes/frontend/views/pluggins/banner.php (9)
2014/12/03 23:54:53 [warning] [application] Failed to set unsafe attribute "id" of "Banner".
in /var/www/html/motolao/protected/components/dataProviders/DTActiveRecord.php (47)
in /var/www/html/motolao/protected/models/Banner.php (184)
in /var/www/html/motolao/themes/frontend/views/pluggins/banner.php (9)
2014/12/03 23:54:53 [warning] [application] Failed to set unsafe attribute "image_large" of "Banner".
in /var/www/html/motolao/protected/components/dataProviders/DTActiveRecord.php (47)
in /var/www/html/motolao/protected/models/Banner.php (184)
in /var/www/html/motolao/themes/frontend/views/pluggins/banner.php (9)
2014/12/03 23:54:53 [warning] [application] Failed to set unsafe attribute "id" of "SocialMediaLink".
in /var/www/html/motolao/protected/components/dataProviders/DTActiveRecord.php (47)
in /var/www/html/motolao/themes/frontend/views/layouts/main.php (161)
in /var/www/html/motolao/themes/frontend/views/layouts/column2.php (5)
2014/12/03 23:54:53 [warning] [application] Failed to set unsafe attribute "image" of "SocialMediaLink".
in /var/www/html/motolao/protected/components/dataProviders/DTActiveRecord.php (47)
in /var/www/html/motolao/themes/frontend/views/layouts/main.php (161)
in /var/www/html/motolao/themes/frontend/views/layouts/column2.php (5)
2014/12/03 23:54:53 [warning] [application] Failed to set unsafe attribute "id" of "SocialMediaLink".
in /var/www/html/motolao/protected/components/dataProviders/DTActiveRecord.php (47)
in /var/www/html/motolao/themes/frontend/views/layouts/main.php (161)
in /var/www/html/motolao/themes/frontend/views/layouts/column2.php (5)
2014/12/03 23:54:53 [warning] [application] Failed to set unsafe attribute "image" of "SocialMediaLink".
in /var/www/html/motolao/protected/components/dataProviders/DTActiveRecord.php (47)
in /var/www/html/motolao/themes/frontend/views/layouts/main.php (161)
in /var/www/html/motolao/themes/frontend/views/layouts/column2.php (5)
2014/12/03 23:54:53 [warning] [application] Failed to set unsafe attribute "id" of "SocialMediaLink".
in /var/www/html/motolao/protected/components/dataProviders/DTActiveRecord.php (47)
in /var/www/html/motolao/themes/frontend/views/layouts/main.php (161)
in /var/www/html/motolao/themes/frontend/views/layouts/column2.php (5)
2014/12/03 23:54:53 [warning] [application] Failed to set unsafe attribute "image" of "SocialMediaLink".
in /var/www/html/motolao/protected/components/dataProviders/DTActiveRecord.php (47)
in /var/www/html/motolao/themes/frontend/views/layouts/main.php (161)
in /var/www/html/motolao/themes/frontend/views/layouts/column2.php (5)
2014/12/03 23:54:53 [warning] [application] Failed to set unsafe attribute "id" of "SocialMediaLink".
in /var/www/html/motolao/protected/components/dataProviders/DTActiveRecord.php (47)
in /var/www/html/motolao/themes/frontend/views/layouts/main.php (161)
in /var/www/html/motolao/themes/frontend/views/layouts/column2.php (5)
2014/12/03 23:54:53 [warning] [application] Failed to set unsafe attribute "image" of "SocialMediaLink".
in /var/www/html/motolao/protected/components/dataProviders/DTActiveRecord.php (47)
in /var/www/html/motolao/themes/frontend/views/layouts/main.php (161)
in /var/www/html/motolao/themes/frontend/views/layouts/column2.php (5)
2014/12/03 23:54:53 [warning] [application] Failed to set unsafe attribute "id" of "SocialMediaLink".
in /var/www/html/motolao/protected/components/dataProviders/DTActiveRecord.php (47)
in /var/www/html/motolao/themes/frontend/views/layouts/main.php (161)
in /var/www/html/motolao/themes/frontend/views/layouts/column2.php (5)
2014/12/03 23:54:53 [warning] [application] Failed to set unsafe attribute "image" of "SocialMediaLink".
in /var/www/html/motolao/protected/components/dataProviders/DTActiveRecord.php (47)
in /var/www/html/motolao/themes/frontend/views/layouts/main.php (161)
in /var/www/html/motolao/themes/frontend/views/layouts/column2.php (5)
2014/12/03 23:54:53 [warning] [application] Failed to set unsafe attribute "id" of "SocialMediaLink".
in /var/www/html/motolao/protected/components/dataProviders/DTActiveRecord.php (47)
in /var/www/html/motolao/themes/frontend/views/layouts/main.php (161)
in /var/www/html/motolao/themes/frontend/views/layouts/column2.php (5)
2014/12/03 23:54:53 [warning] [application] Failed to set unsafe attribute "image" of "SocialMediaLink".
in /var/www/html/motolao/protected/components/dataProviders/DTActiveRecord.php (47)
in /var/www/html/motolao/themes/frontend/views/layouts/main.php (161)
in /var/www/html/motolao/themes/frontend/views/layouts/column2.php (5)
2014/12/03 23:54:53 [warning] [application] Failed to set unsafe attribute "id" of "SocialMediaLink".
in /var/www/html/motolao/protected/components/dataProviders/DTActiveRecord.php (47)
in /var/www/html/motolao/themes/frontend/views/layouts/main.php (161)
in /var/www/html/motolao/themes/frontend/views/layouts/column2.php (5)
2014/12/03 23:54:53 [warning] [application] Failed to set unsafe attribute "image" of "SocialMediaLink".
in /var/www/html/motolao/protected/components/dataProviders/DTActiveRecord.php (47)
in /var/www/html/motolao/themes/frontend/views/layouts/main.php (161)
in /var/www/html/motolao/themes/frontend/views/layouts/column2.php (5)
